<?xml version="1.0" encoding="UTF-8"?>
<testsuite xmlns:xsi="http://www.w3.org/2001/XMLSchema-instance" xsi:noNamespaceSchemaLocation="https://maven.apache.org/surefire/maven-surefire-plugin/xsd/surefire-test-report.xsd" name="com.joe.seckill.SeckillDemoApplicationTests" time="4.367" tests="1" errors="0" skipped="0" failures="0">
  <properties>
    <property name="java.specification.version" value="15"/>
    <property name="sun.jnu.encoding" value="UTF-8"/>
    <property name="java.class.path" value="/Users/chenqiao/IdeaProjects/seckill-demo/target/test-classes:/Users/chenqiao/IdeaProjects/seckill-demo/target/classes:/Users/chenqiao/.m2/repository/org/springframework/boot/spring-boot-starter-thymeleaf/2.4.1/spring-boot-starter-thymeleaf-2.4.1.jar:/Users/chenqiao/.m2/repository/org/springframework/boot/spring-boot-starter/2.4.1/spring-boot-starter-2.4.1.jar:/Users/chenqiao/.m2/repository/org/springframework/boot/spring-boot/2.4.1/spring-boot-2.4.1.jar:/Users/chenqiao/.m2/repository/org/springframework/boot/spring-boot-starter-logging/2.4.1/spring-boot-starter-logging-2.4.1.jar:/Users/chenqiao/.m2/repository/ch/qos/logback/logback-classic/1.2.3/logback-classic-1.2.3.jar:/Users/chenqiao/.m2/repository/ch/qos/logback/logback-core/1.2.3/logback-core-1.2.3.jar:/Users/chenqiao/.m2/repository/org/apache/logging/log4j/log4j-to-slf4j/2.13.3/log4j-to-slf4j-2.13.3.jar:/Users/chenqiao/.m2/repository/org/apache/logging/log4j/log4j-api/2.13.3/log4j-api-2.13.3.jar:/Users/chenqiao/.m2/repository/org/slf4j/jul-to-slf4j/1.7.30/jul-to-slf4j-1.7.30.jar:/Users/chenqiao/.m2/repository/jakarta/annotation/jakarta.annotation-api/1.3.5/jakarta.annotation-api-1.3.5.jar:/Users/chenqiao/.m2/repository/org/yaml/snakeyaml/1.27/snakeyaml-1.27.jar:/Users/chenqiao/.m2/repository/org/thymeleaf/thymeleaf-spring5/3.0.11.RELEASE/thymeleaf-spring5-3.0.11.RELEASE.jar:/Users/chenqiao/.m2/repository/org/thymeleaf/thymeleaf/3.0.11.RELEASE/thymeleaf-3.0.11.RELEASE.jar:/Users/chenqiao/.m2/repository/org/attoparser/attoparser/2.0.5.RELEASE/attoparser-2.0.5.RELEASE.jar:/Users/chenqiao/.m2/repository/org/unbescape/unbescape/1.1.6.RELEASE/unbescape-1.1.6.RELEASE.jar:/Users/chenqiao/.m2/repository/org/slf4j/slf4j-api/1.7.30/slf4j-api-1.7.30.jar:/Users/chenqiao/.m2/repository/org/thymeleaf/extras/thymeleaf-extras-java8time/3.0.4.RELEASE/thymeleaf-extras-java8time-3.0.4.RELEASE.jar:/Users/chenqiao/.m2/repository/org/springframework/boot/spring-boot-starter-web/2.4.1/spring-boot-starter-web-2.4.1.jar:/Users/chenqiao/.m2/repository/org/springframework/boot/spring-boot-starter-json/2.4.1/spring-boot-starter-json-2.4.1.jar:/Users/chenqiao/.m2/repository/com/fasterxml/jackson/core/jackson-databind/2.11.3/jackson-databind-2.11.3.jar:/Users/chenqiao/.m2/repository/com/fasterxml/jackson/core/jackson-annotations/2.11.3/jackson-annotations-2.11.3.jar:/Users/chenqiao/.m2/repository/com/fasterxml/jackson/core/jackson-core/2.11.3/jackson-core-2.11.3.jar:/Users/chenqiao/.m2/repository/com/fasterxml/jackson/datatype/jackson-datatype-jdk8/2.11.3/jackson-datatype-jdk8-2.11.3.jar:/Users/chenqiao/.m2/repository/com/fasterxml/jackson/datatype/jackson-datatype-jsr310/2.11.3/jackson-datatype-jsr310-2.11.3.jar:/Users/chenqiao/.m2/repository/com/fasterxml/jackson/module/jackson-module-parameter-names/2.11.3/jackson-module-parameter-names-2.11.3.jar:/Users/chenqiao/.m2/repository/org/springframework/boot/spring-boot-starter-tomcat/2.4.1/spring-boot-starter-tomcat-2.4.1.jar:/Users/chenqiao/.m2/repository/org/apache/tomcat/embed/tomcat-embed-core/9.0.41/tomcat-embed-core-9.0.41.jar:/Users/chenqiao/.m2/repository/org/apache/tomcat/embed/tomcat-embed-websocket/9.0.41/tomcat-embed-websocket-9.0.41.jar:/Users/chenqiao/.m2/repository/org/springframework/spring-web/5.3.2/spring-web-5.3.2.jar:/Users/chenqiao/.m2/repository/org/springframework/spring-beans/5.3.2/spring-beans-5.3.2.jar:/Users/chenqiao/.m2/repository/org/springframework/spring-webmvc/5.3.2/spring-webmvc-5.3.2.jar:/Users/chenqiao/.m2/repository/org/springframework/spring-aop/5.3.2/spring-aop-5.3.2.jar:/Users/chenqiao/.m2/repository/org/springframework/spring-context/5.3.2/spring-context-5.3.2.jar:/Users/chenqiao/.m2/repository/org/springframework/spring-expression/5.3.2/spring-expression-5.3.2.jar:/Users/chenqiao/.m2/repository/mysql/mysql-connector-java/8.0.22/mysql-connector-java-8.0.22.jar:/Users/chenqiao/.m2/repository/org/projectlombok/lombok/1.18.16/lombok-1.18.16.jar:/Users/chenqiao/.m2/repository/org/springframework/boot/spring-boot-starter-test/2.4.1/spring-boot-starter-test-2.4.1.jar:/Users/chenqiao/.m2/repository/org/springframework/boot/spring-boot-test/2.4.1/spring-boot-test-2.4.1.jar:/Users/chenqiao/.m2/repository/org/springframework/boot/spring-boot-test-autoconfigure/2.4.1/spring-boot-test-autoconfigure-2.4.1.jar:/Users/chenqiao/.m2/repository/com/jayway/jsonpath/json-path/2.4.0/json-path-2.4.0.jar:/Users/chenqiao/.m2/repository/net/minidev/json-smart/2.3/json-smart-2.3.jar:/Users/chenqiao/.m2/repository/net/minidev/accessors-smart/1.2/accessors-smart-1.2.jar:/Users/chenqiao/.m2/repository/org/ow2/asm/asm/5.0.4/asm-5.0.4.jar:/Users/chenqiao/.m2/repository/jakarta/xml/bind/jakarta.xml.bind-api/2.3.3/jakarta.xml.bind-api-2.3.3.jar:/Users/chenqiao/.m2/repository/jakarta/activation/jakarta.activation-api/1.2.2/jakarta.activation-api-1.2.2.jar:/Users/chenqiao/.m2/repository/org/assertj/assertj-core/3.18.1/assertj-core-3.18.1.jar:/Users/chenqiao/.m2/repository/org/hamcrest/hamcrest/2.2/hamcrest-2.2.jar:/Users/chenqiao/.m2/repository/org/junit/jupiter/junit-jupiter/5.7.0/junit-jupiter-5.7.0.jar:/Users/chenqiao/.m2/repository/org/junit/jupiter/junit-jupiter-api/5.7.0/junit-jupiter-api-5.7.0.jar:/Users/chenqiao/.m2/repository/org/apiguardian/apiguardian-api/1.1.0/apiguardian-api-1.1.0.jar:/Users/chenqiao/.m2/repository/org/opentest4j/opentest4j/1.2.0/opentest4j-1.2.0.jar:/Users/chenqiao/.m2/repository/org/junit/platform/junit-platform-commons/1.7.0/junit-platform-commons-1.7.0.jar:/Users/chenqiao/.m2/repository/org/junit/jupiter/junit-jupiter-params/5.7.0/junit-jupiter-params-5.7.0.jar:/Users/chenqiao/.m2/repository/org/junit/jupiter/junit-jupiter-engine/5.7.0/junit-jupiter-engine-5.7.0.jar:/Users/chenqiao/.m2/repository/org/junit/platform/junit-platform-engine/1.7.0/junit-platform-engine-1.7.0.jar:/Users/chenqiao/.m2/repository/org/mockito/mockito-core/3.6.28/mockito-core-3.6.28.jar:/Users/chenqiao/.m2/repository/net/bytebuddy/byte-buddy/1.10.18/byte-buddy-1.10.18.jar:/Users/chenqiao/.m2/repository/net/bytebuddy/byte-buddy-agent/1.10.18/byte-buddy-agent-1.10.18.jar:/Users/chenqiao/.m2/repository/org/objenesis/objenesis/3.1/objenesis-3.1.jar:/Users/chenqiao/.m2/repository/org/mockito/mockito-junit-jupiter/3.6.28/mockito-junit-jupiter-3.6.28.jar:/Users/chenqiao/.m2/repository/org/skyscreamer/jsonassert/1.5.0/jsonassert-1.5.0.jar:/Users/chenqiao/.m2/repository/com/vaadin/external/google/android-json/0.0.20131108.vaadin1/android-json-0.0.20131108.vaadin1.jar:/Users/chenqiao/.m2/repository/org/springframework/spring-core/5.3.2/spring-core-5.3.2.jar:/Users/chenqiao/.m2/repository/org/springframework/spring-jcl/5.3.2/spring-jcl-5.3.2.jar:/Users/chenqiao/.m2/repository/org/springframework/spring-test/5.3.2/spring-test-5.3.2.jar:/Users/chenqiao/.m2/repository/org/xmlunit/xmlunit-core/2.7.0/xmlunit-core-2.7.0.jar:/Users/chenqiao/.m2/repository/com/baomidou/mybatis-plus-boot-starter/3.4.0/mybatis-plus-boot-starter-3.4.0.jar:/Users/chenqiao/.m2/repository/com/baomidou/mybatis-plus/3.4.0/mybatis-plus-3.4.0.jar:/Users/chenqiao/.m2/repository/com/baomidou/mybatis-plus-extension/3.4.0/mybatis-plus-extension-3.4.0.jar:/Users/chenqiao/.m2/repository/com/baomidou/mybatis-plus-core/3.4.0/mybatis-plus-core-3.4.0.jar:/Users/chenqiao/.m2/repository/com/baomidou/mybatis-plus-annotation/3.4.0/mybatis-plus-annotation-3.4.0.jar:/Users/chenqiao/.m2/repository/com/github/jsqlparser/jsqlparser/3.2/jsqlparser-3.2.jar:/Users/chenqiao/.m2/repository/org/mybatis/mybatis/3.5.5/mybatis-3.5.5.jar:/Users/chenqiao/.m2/repository/org/mybatis/mybatis-spring/2.0.5/mybatis-spring-2.0.5.jar:/Users/chenqiao/.m2/repository/org/springframework/boot/spring-boot-autoconfigure/2.4.1/spring-boot-autoconfigure-2.4.1.jar:/Users/chenqiao/.m2/repository/org/springframework/boot/spring-boot-starter-jdbc/2.4.1/spring-boot-starter-jdbc-2.4.1.jar:/Users/chenqiao/.m2/repository/com/zaxxer/HikariCP/3.4.5/HikariCP-3.4.5.jar:/Users/chenqiao/.m2/repository/org/springframework/spring-jdbc/5.3.2/spring-jdbc-5.3.2.jar:/Users/chenqiao/.m2/repository/commons-codec/commons-codec/1.15/commons-codec-1.15.jar:/Users/chenqiao/.m2/repository/org/apache/commons/commons-lang3/3.8.1/commons-lang3-3.8.1.jar:/Users/chenqiao/.m2/repository/org/springframework/boot/spring-boot-starter-validation/2.4.1/spring-boot-starter-validation-2.4.1.jar:/Users/chenqiao/.m2/repository/org/glassfish/jakarta.el/3.0.3/jakarta.el-3.0.3.jar:/Users/chenqiao/.m2/repository/org/hibernate/validator/hibernate-validator/6.1.6.Final/hibernate-validator-6.1.6.Final.jar:/Users/chenqiao/.m2/repository/jakarta/validation/jakarta.validation-api/2.0.2/jakarta.validation-api-2.0.2.jar:/Users/chenqiao/.m2/repository/org/jboss/logging/jboss-logging/3.4.1.Final/jboss-logging-3.4.1.Final.jar:/Users/chenqiao/.m2/repository/com/fasterxml/classmate/1.5.1/classmate-1.5.1.jar:/Users/chenqiao/.m2/repository/org/springframework/boot/spring-boot-starter-data-redis/2.4.1/spring-boot-starter-data-redis-2.4.1.jar:/Users/chenqiao/.m2/repository/org/springframework/data/spring-data-redis/2.4.2/spring-data-redis-2.4.2.jar:/Users/chenqiao/.m2/repository/org/springframework/data/spring-data-keyvalue/2.4.2/spring-data-keyvalue-2.4.2.jar:/Users/chenqiao/.m2/repository/org/springframework/data/spring-data-commons/2.4.2/spring-data-commons-2.4.2.jar:/Users/chenqiao/.m2/repository/org/springframework/spring-tx/5.3.2/spring-tx-5.3.2.jar:/Users/chenqiao/.m2/repository/org/springframework/spring-oxm/5.3.2/spring-oxm-5.3.2.jar:/Users/chenqiao/.m2/repository/org/springframework/spring-context-support/5.3.2/spring-context-support-5.3.2.jar:/Users/chenqiao/.m2/repository/io/lettuce/lettuce-core/6.0.1.RELEASE/lettuce-core-6.0.1.RELEASE.jar:/Users/chenqiao/.m2/repository/io/netty/netty-common/4.1.55.Final/netty-common-4.1.55.Final.jar:/Users/chenqiao/.m2/repository/io/netty/netty-handler/4.1.55.Final/netty-handler-4.1.55.Final.jar:/Users/chenqiao/.m2/repository/io/netty/netty-resolver/4.1.55.Final/netty-resolver-4.1.55.Final.jar:/Users/chenqiao/.m2/repository/io/netty/netty-buffer/4.1.55.Final/netty-buffer-4.1.55.Final.jar:/Users/chenqiao/.m2/repository/io/netty/netty-codec/4.1.55.Final/netty-codec-4.1.55.Final.jar:/Users/chenqiao/.m2/repository/io/netty/netty-transport/4.1.55.Final/netty-transport-4.1.55.Final.jar:/Users/chenqiao/.m2/repository/io/projectreactor/reactor-core/3.4.1/reactor-core-3.4.1.jar:/Users/chenqiao/.m2/repository/org/reactivestreams/reactive-streams/1.0.3/reactive-streams-1.0.3.jar:/Users/chenqiao/.m2/repository/org/apache/commons/commons-pool2/2.9.0/commons-pool2-2.9.0.jar:/Users/chenqiao/.m2/repository/org/springframework/boot/spring-boot-starter-amqp/2.4.1/spring-boot-starter-amqp-2.4.1.jar:/Users/chenqiao/.m2/repository/org/springframework/spring-messaging/5.3.2/spring-messaging-5.3.2.jar:/Users/chenqiao/.m2/repository/org/springframework/amqp/spring-rabbit/2.3.2/spring-rabbit-2.3.2.jar:/Users/chenqiao/.m2/repository/org/springframework/amqp/spring-amqp/2.3.2/spring-amqp-2.3.2.jar:/Users/chenqiao/.m2/repository/org/springframework/retry/spring-retry/1.3.0/spring-retry-1.3.0.jar:/Users/chenqiao/.m2/repository/javax/annotation/javax.annotation-api/1.3.2/javax.annotation-api-1.3.2.jar:/Users/chenqiao/.m2/repository/com/rabbitmq/amqp-client/5.10.0/amqp-client-5.10.0.jar:/Users/chenqiao/.m2/repository/com/github/whvcse/easy-captcha/1.6.2/easy-captcha-1.6.2.jar:"/>
    <property name="java.vm.vendor" value="Oracle Corporation"/>
    <property name="sun.arch.data.model" value="64"/>
    <property name="java.vendor.url" value="https://java.oracle.com/"/>
    <property name="os.name" value="Mac OS X"/>
    <property name="java.vm.specification.version" value="15"/>
    <property name="sun.java.launcher" value="SUN_STANDARD"/>
    <property name="user.country" value="CN"/>
    <property name="sun.boot.library.path" value="/Library/Java/JavaVirtualMachines/jdk-15.0.1.jdk/Contents/Home/lib"/>
    <property name="sun.java.command" value="/Users/chenqiao/IdeaProjects/seckill-demo/target/surefire/surefirebooter13412774883513664683.jar /Users/chenqiao/IdeaProjects/seckill-demo/target/surefire 2021-01-20T11-48-22_811-jvmRun1 surefire15053697384435642586tmp surefire_011979671491056374374tmp"/>
    <property name="http.nonProxyHosts" value="local|*.local|169.254/16|*.169.254/16"/>
    <property name="jdk.debug" value="release"/>
    <property name="surefire.test.class.path" value="/Users/chenqiao/IdeaProjects/seckill-demo/target/test-classes:/Users/chenqiao/IdeaProjects/seckill-demo/target/classes:/Users/chenqiao/.m2/repository/org/springframework/boot/spring-boot-starter-thymeleaf/2.4.1/spring-boot-starter-thymeleaf-2.4.1.jar:/Users/chenqiao/.m2/repository/org/springframework/boot/spring-boot-starter/2.4.1/spring-boot-starter-2.4.1.jar:/Users/chenqiao/.m2/repository/org/springframework/boot/spring-boot/2.4.1/spring-boot-2.4.1.jar:/Users/chenqiao/.m2/repository/org/springframework/boot/spring-boot-starter-logging/2.4.1/spring-boot-starter-logging-2.4.1.jar:/Users/chenqiao/.m2/repository/ch/qos/logback/logback-classic/1.2.3/logback-classic-1.2.3.jar:/Users/chenqiao/.m2/repository/ch/qos/logback/logback-core/1.2.3/logback-core-1.2.3.jar:/Users/chenqiao/.m2/repository/org/apache/logging/log4j/log4j-to-slf4j/2.13.3/log4j-to-slf4j-2.13.3.jar:/Users/chenqiao/.m2/repository/org/apache/logging/log4j/log4j-api/2.13.3/log4j-api-2.13.3.jar:/Users/chenqiao/.m2/repository/org/slf4j/jul-to-slf4j/1.7.30/jul-to-slf4j-1.7.30.jar:/Users/chenqiao/.m2/repository/jakarta/annotation/jakarta.annotation-api/1.3.5/jakarta.annotation-api-1.3.5.jar:/Users/chenqiao/.m2/repository/org/yaml/snakeyaml/1.27/snakeyaml-1.27.jar:/Users/chenqiao/.m2/repository/org/thymeleaf/thymeleaf-spring5/3.0.11.RELEASE/thymeleaf-spring5-3.0.11.RELEASE.jar:/Users/chenqiao/.m2/repository/org/thymeleaf/thymeleaf/3.0.11.RELEASE/thymeleaf-3.0.11.RELEASE.jar:/Users/chenqiao/.m2/repository/org/attoparser/attoparser/2.0.5.RELEASE/attoparser-2.0.5.RELEASE.jar:/Users/chenqiao/.m2/repository/org/unbescape/unbescape/1.1.6.RELEASE/unbescape-1.1.6.RELEASE.jar:/Users/chenqiao/.m2/repository/org/slf4j/slf4j-api/1.7.30/slf4j-api-1.7.30.jar:/Users/chenqiao/.m2/repository/org/thymeleaf/extras/thymeleaf-extras-java8time/3.0.4.RELEASE/thymeleaf-extras-java8time-3.0.4.RELEASE.jar:/Users/chenqiao/.m2/repository/org/springframework/boot/spring-boot-starter-web/2.4.1/spring-boot-starter-web-2.4.1.jar:/Users/chenqiao/.m2/repository/org/springframework/boot/spring-boot-starter-json/2.4.1/spring-boot-starter-json-2.4.1.jar:/Users/chenqiao/.m2/repository/com/fasterxml/jackson/core/jackson-databind/2.11.3/jackson-databind-2.11.3.jar:/Users/chenqiao/.m2/repository/com/fasterxml/jackson/core/jackson-annotations/2.11.3/jackson-annotations-2.11.3.jar:/Users/chenqiao/.m2/repository/com/fasterxml/jackson/core/jackson-core/2.11.3/jackson-core-2.11.3.jar:/Users/chenqiao/.m2/repository/com/fasterxml/jackson/datatype/jackson-datatype-jdk8/2.11.3/jackson-datatype-jdk8-2.11.3.jar:/Users/chenqiao/.m2/repository/com/fasterxml/jackson/datatype/jackson-datatype-jsr310/2.11.3/jackson-datatype-jsr310-2.11.3.jar:/Users/chenqiao/.m2/repository/com/fasterxml/jackson/module/jackson-module-parameter-names/2.11.3/jackson-module-parameter-names-2.11.3.jar:/Users/chenqiao/.m2/repository/org/springframework/boot/spring-boot-starter-tomcat/2.4.1/spring-boot-starter-tomcat-2.4.1.jar:/Users/chenqiao/.m2/repository/org/apache/tomcat/embed/tomcat-embed-core/9.0.41/tomcat-embed-core-9.0.41.jar:/Users/chenqiao/.m2/repository/org/apache/tomcat/embed/tomcat-embed-websocket/9.0.41/tomcat-embed-websocket-9.0.41.jar:/Users/chenqiao/.m2/repository/org/springframework/spring-web/5.3.2/spring-web-5.3.2.jar:/Users/chenqiao/.m2/repository/org/springframework/spring-beans/5.3.2/spring-beans-5.3.2.jar:/Users/chenqiao/.m2/repository/org/springframework/spring-webmvc/5.3.2/spring-webmvc-5.3.2.jar:/Users/chenqiao/.m2/repository/org/springframework/spring-aop/5.3.2/spring-aop-5.3.2.jar:/Users/chenqiao/.m2/repository/org/springframework/spring-context/5.3.2/spring-context-5.3.2.jar:/Users/chenqiao/.m2/repository/org/springframework/spring-expression/5.3.2/spring-expression-5.3.2.jar:/Users/chenqiao/.m2/repository/mysql/mysql-connector-java/8.0.22/mysql-connector-java-8.0.22.jar:/Users/chenqiao/.m2/repository/org/projectlombok/lombok/1.18.16/lombok-1.18.16.jar:/Users/chenqiao/.m2/repository/org/springframework/boot/spring-boot-starter-test/2.4.1/spring-boot-starter-test-2.4.1.jar:/Users/chenqiao/.m2/repository/org/springframework/boot/spring-boot-test/2.4.1/spring-boot-test-2.4.1.jar:/Users/chenqiao/.m2/repository/org/springframework/boot/spring-boot-test-autoconfigure/2.4.1/spring-boot-test-autoconfigure-2.4.1.jar:/Users/chenqiao/.m2/repository/com/jayway/jsonpath/json-path/2.4.0/json-path-2.4.0.jar:/Users/chenqiao/.m2/repository/net/minidev/json-smart/2.3/json-smart-2.3.jar:/Users/chenqiao/.m2/repository/net/minidev/accessors-smart/1.2/accessors-smart-1.2.jar:/Users/chenqiao/.m2/repository/org/ow2/asm/asm/5.0.4/asm-5.0.4.jar:/Users/chenqiao/.m2/repository/jakarta/xml/bind/jakarta.xml.bind-api/2.3.3/jakarta.xml.bind-api-2.3.3.jar:/Users/chenqiao/.m2/repository/jakarta/activation/jakarta.activation-api/1.2.2/jakarta.activation-api-1.2.2.jar:/Users/chenqiao/.m2/repository/org/assertj/assertj-core/3.18.1/assertj-core-3.18.1.jar:/Users/chenqiao/.m2/repository/org/hamcrest/hamcrest/2.2/hamcrest-2.2.jar:/Users/chenqiao/.m2/repository/org/junit/jupiter/junit-jupiter/5.7.0/junit-jupiter-5.7.0.jar:/Users/chenqiao/.m2/repository/org/junit/jupiter/junit-jupiter-api/5.7.0/junit-jupiter-api-5.7.0.jar:/Users/chenqiao/.m2/repository/org/apiguardian/apiguardian-api/1.1.0/apiguardian-api-1.1.0.jar:/Users/chenqiao/.m2/repository/org/opentest4j/opentest4j/1.2.0/opentest4j-1.2.0.jar:/Users/chenqiao/.m2/repository/org/junit/platform/junit-platform-commons/1.7.0/junit-platform-commons-1.7.0.jar:/Users/chenqiao/.m2/repository/org/junit/jupiter/junit-jupiter-params/5.7.0/junit-jupiter-params-5.7.0.jar:/Users/chenqiao/.m2/repository/org/junit/jupiter/junit-jupiter-engine/5.7.0/junit-jupiter-engine-5.7.0.jar:/Users/chenqiao/.m2/repository/org/junit/platform/junit-platform-engine/1.7.0/junit-platform-engine-1.7.0.jar:/Users/chenqiao/.m2/repository/org/mockito/mockito-core/3.6.28/mockito-core-3.6.28.jar:/Users/chenqiao/.m2/repository/net/bytebuddy/byte-buddy/1.10.18/byte-buddy-1.10.18.jar:/Users/chenqiao/.m2/repository/net/bytebuddy/byte-buddy-agent/1.10.18/byte-buddy-agent-1.10.18.jar:/Users/chenqiao/.m2/repository/org/objenesis/objenesis/3.1/objenesis-3.1.jar:/Users/chenqiao/.m2/repository/org/mockito/mockito-junit-jupiter/3.6.28/mockito-junit-jupiter-3.6.28.jar:/Users/chenqiao/.m2/repository/org/skyscreamer/jsonassert/1.5.0/jsonassert-1.5.0.jar:/Users/chenqiao/.m2/repository/com/vaadin/external/google/android-json/0.0.20131108.vaadin1/android-json-0.0.20131108.vaadin1.jar:/Users/chenqiao/.m2/repository/org/springframework/spring-core/5.3.2/spring-core-5.3.2.jar:/Users/chenqiao/.m2/repository/org/springframework/spring-jcl/5.3.2/spring-jcl-5.3.2.jar:/Users/chenqiao/.m2/repository/org/springframework/spring-test/5.3.2/spring-test-5.3.2.jar:/Users/chenqiao/.m2/repository/org/xmlunit/xmlunit-core/2.7.0/xmlunit-core-2.7.0.jar:/Users/chenqiao/.m2/repository/com/baomidou/mybatis-plus-boot-starter/3.4.0/mybatis-plus-boot-starter-3.4.0.jar:/Users/chenqiao/.m2/repository/com/baomidou/mybatis-plus/3.4.0/mybatis-plus-3.4.0.jar:/Users/chenqiao/.m2/repository/com/baomidou/mybatis-plus-extension/3.4.0/mybatis-plus-extension-3.4.0.jar:/Users/chenqiao/.m2/repository/com/baomidou/mybatis-plus-core/3.4.0/mybatis-plus-core-3.4.0.jar:/Users/chenqiao/.m2/repository/com/baomidou/mybatis-plus-annotation/3.4.0/mybatis-plus-annotation-3.4.0.jar:/Users/chenqiao/.m2/repository/com/github/jsqlparser/jsqlparser/3.2/jsqlparser-3.2.jar:/Users/chenqiao/.m2/repository/org/mybatis/mybatis/3.5.5/mybatis-3.5.5.jar:/Users/chenqiao/.m2/repository/org/mybatis/mybatis-spring/2.0.5/mybatis-spring-2.0.5.jar:/Users/chenqiao/.m2/repository/org/springframework/boot/spring-boot-autoconfigure/2.4.1/spring-boot-autoconfigure-2.4.1.jar:/Users/chenqiao/.m2/repository/org/springframework/boot/spring-boot-starter-jdbc/2.4.1/spring-boot-starter-jdbc-2.4.1.jar:/Users/chenqiao/.m2/repository/com/zaxxer/HikariCP/3.4.5/HikariCP-3.4.5.jar:/Users/chenqiao/.m2/repository/org/springframework/spring-jdbc/5.3.2/spring-jdbc-5.3.2.jar:/Users/chenqiao/.m2/repository/commons-codec/commons-codec/1.15/commons-codec-1.15.jar:/Users/chenqiao/.m2/repository/org/apache/commons/commons-lang3/3.8.1/commons-lang3-3.8.1.jar:/Users/chenqiao/.m2/repository/org/springframework/boot/spring-boot-starter-validation/2.4.1/spring-boot-starter-validation-2.4.1.jar:/Users/chenqiao/.m2/repository/org/glassfish/jakarta.el/3.0.3/jakarta.el-3.0.3.jar:/Users/chenqiao/.m2/repository/org/hibernate/validator/hibernate-validator/6.1.6.Final/hibernate-validator-6.1.6.Final.jar:/Users/chenqiao/.m2/repository/jakarta/validation/jakarta.validation-api/2.0.2/jakarta.validation-api-2.0.2.jar:/Users/chenqiao/.m2/repository/org/jboss/logging/jboss-logging/3.4.1.Final/jboss-logging-3.4.1.Final.jar:/Users/chenqiao/.m2/repository/com/fasterxml/classmate/1.5.1/classmate-1.5.1.jar:/Users/chenqiao/.m2/repository/org/springframework/boot/spring-boot-starter-data-redis/2.4.1/spring-boot-starter-data-redis-2.4.1.jar:/Users/chenqiao/.m2/repository/org/springframework/data/spring-data-redis/2.4.2/spring-data-redis-2.4.2.jar:/Users/chenqiao/.m2/repository/org/springframework/data/spring-data-keyvalue/2.4.2/spring-data-keyvalue-2.4.2.jar:/Users/chenqiao/.m2/repository/org/springframework/data/spring-data-commons/2.4.2/spring-data-commons-2.4.2.jar:/Users/chenqiao/.m2/repository/org/springframework/spring-tx/5.3.2/spring-tx-5.3.2.jar:/Users/chenqiao/.m2/repository/org/springframework/spring-oxm/5.3.2/spring-oxm-5.3.2.jar:/Users/chenqiao/.m2/repository/org/springframework/spring-context-support/5.3.2/spring-context-support-5.3.2.jar:/Users/chenqiao/.m2/repository/io/lettuce/lettuce-core/6.0.1.RELEASE/lettuce-core-6.0.1.RELEASE.jar:/Users/chenqiao/.m2/repository/io/netty/netty-common/4.1.55.Final/netty-common-4.1.55.Final.jar:/Users/chenqiao/.m2/repository/io/netty/netty-handler/4.1.55.Final/netty-handler-4.1.55.Final.jar:/Users/chenqiao/.m2/repository/io/netty/netty-resolver/4.1.55.Final/netty-resolver-4.1.55.Final.jar:/Users/chenqiao/.m2/repository/io/netty/netty-buffer/4.1.55.Final/netty-buffer-4.1.55.Final.jar:/Users/chenqiao/.m2/repository/io/netty/netty-codec/4.1.55.Final/netty-codec-4.1.55.Final.jar:/Users/chenqiao/.m2/repository/io/netty/netty-transport/4.1.55.Final/netty-transport-4.1.55.Final.jar:/Users/chenqiao/.m2/repository/io/projectreactor/reactor-core/3.4.1/reactor-core-3.4.1.jar:/Users/chenqiao/.m2/repository/org/reactivestreams/reactive-streams/1.0.3/reactive-streams-1.0.3.jar:/Users/chenqiao/.m2/repository/org/apache/commons/commons-pool2/2.9.0/commons-pool2-2.9.0.jar:/Users/chenqiao/.m2/repository/org/springframework/boot/spring-boot-starter-amqp/2.4.1/spring-boot-starter-amqp-2.4.1.jar:/Users/chenqiao/.m2/repository/org/springframework/spring-messaging/5.3.2/spring-messaging-5.3.2.jar:/Users/chenqiao/.m2/repository/org/springframework/amqp/spring-rabbit/2.3.2/spring-rabbit-2.3.2.jar:/Users/chenqiao/.m2/repository/org/springframework/amqp/spring-amqp/2.3.2/spring-amqp-2.3.2.jar:/Users/chenqiao/.m2/repository/org/springframework/retry/spring-retry/1.3.0/spring-retry-1.3.0.jar:/Users/chenqiao/.m2/repository/javax/annotation/javax.annotation-api/1.3.2/javax.annotation-api-1.3.2.jar:/Users/chenqiao/.m2/repository/com/rabbitmq/amqp-client/5.10.0/amqp-client-5.10.0.jar:/Users/chenqiao/.m2/repository/com/github/whvcse/easy-captcha/1.6.2/easy-captcha-1.6.2.jar:"/>
    <property name="sun.cpu.endian" value="little"/>
    <property name="user.home" value="/Users/chenqiao"/>
    <property name="user.language" value="zh"/>
    <property name="java.specification.vendor" value="Oracle Corporation"/>
    <property name="java.version.date" value="2020-10-20"/>
    <property name="java.home" value="/Library/Java/JavaVirtualMachines/jdk-15.0.1.jdk/Contents/Home"/>
    <property name="file.separator" value="/"/>
    <property name="basedir" value="/Users/chenqiao/IdeaProjects/seckill-demo"/>
    <property name="java.vm.compressedOopsMode" value="Zero based"/>
    <property name="line.separator" value="&#10;"/>
    <property name="java.specification.name" value="Java Platform API Specification"/>
    <property name="java.vm.specification.vendor" value="Oracle Corporation"/>
    <property name="surefire.real.class.path" value="/Users/chenqiao/IdeaProjects/seckill-demo/target/surefire/surefirebooter13412774883513664683.jar"/>
    <property name="user.script" value="Hans"/>
    <property name="sun.management.compiler" value="HotSpot 64-Bit Tiered Compilers"/>
    <property name="ftp.nonProxyHosts" value="local|*.local|169.254/16|*.169.254/16"/>
    <property name="java.runtime.version" value="15.0.1+9-18"/>
    <property name="user.name" value="chenqiao"/>
    <property name="path.separator" value=":"/>
    <property name="os.version" value="10.15.7"/>
    <property name="java.runtime.name" value="Java(TM) SE Runtime Environment"/>
    <property name="file.encoding" value="UTF-8"/>
    <property name="java.vm.name" value="Java HotSpot(TM) 64-Bit Server VM"/>
    <property name="localRepository" value="/Users/chenqiao/.m2/repository"/>
    <property name="java.vendor.url.bug" value="https://bugreport.java.com/bugreport/"/>
    <property name="java.io.tmpdir" value="/var/folders/4p/0rp1v6416_14gc759j552jmw0000gn/T/"/>
    <property name="idea.version" value="2020.3.1"/>
    <property name="java.version" value="15.0.1"/>
    <property name="user.dir" value="/Users/chenqiao/IdeaProjects/seckill-demo"/>
    <property name="os.arch" value="x86_64"/>
    <property name="java.vm.specification.name" value="Java Virtual Machine Specification"/>
    <property name="java.library.path" value="/Users/chenqiao/Library/Java/Extensions:/Library/Java/Extensions:/Network/Library/Java/Extensions:/System/Library/Java/Extensions:/usr/lib/java:."/>
    <property name="java.vm.info" value="mixed mode, sharing"/>
    <property name="java.vendor" value="Oracle Corporation"/>
    <property name="java.vm.version" value="15.0.1+9-18"/>
    <property name="sun.io.unicode.encoding" value="UnicodeBig"/>
    <property name="socksNonProxyHosts" value="local|*.local|169.254/16|*.169.254/16"/>
    <property name="java.class.version" value="59.0"/>
  </properties>
  <testcase name="contextLoads" classname="com.joe.seckill.SeckillDemoApplicationTests" time="0.29"/>
</testsuite>